TN:
SF:script/base-goerli/create-publisher.s.sol
FN:9,CreatePublisher.run
FNDA:0,CreatePublisher.run
DA:11,0
DA:13,0
DA:15,0
DA:17,0
DA:19,0
FNF:1
FNH:0
LF:5
LH:0
BRF:0
BRH:0
end_of_record
TN:
SF:script/base-goerli/deploy-ABSuperToken.s.sol
FN:11,DeployMockSuperToken.run
FNDA:0,DeployMockSuperToken.run
DA:12,0
DA:13,0
DA:15,0
DA:17,0
DA:19,0
DA:21,0
FNF:1
FNH:0
LF:6
LH:0
BRF:0
BRH:0
end_of_record
TN:
SF:script/base-goerli/deploy-platform.s.sol
FN:33,DeployPlatform.run
FNDA:0,DeployPlatform.run
DA:35,0
DA:36,0
DA:39,0
DA:42,0
DA:43,0
DA:44,0
DA:47,0
DA:57,0
DA:62,0
BRDA:62,0,0,-
BRDA:62,0,1,-
DA:63,0
DA:67,0
DA:72,0
BRDA:72,1,0,-
BRDA:72,1,1,-
DA:73,0
DA:77,0
DA:88,0
BRDA:88,2,0,-
BRDA:88,2,1,-
DA:89,0
DA:92,0
DA:97,0
DA:99,0
FN:102,DeployPlatform._writeAddressToFile
FNDA:0,DeployPlatform._writeAddressToFile
DA:103,0
FNF:2
FNH:0
LF:20
LH:0
BRF:6
BRH:0
end_of_record
TN:
SF:script/base-goerli/deploy-royalty.s.sol
FN:15,DeployRoyalty.run
FNDA:0,DeployRoyalty.run
DA:17,0
DA:20,0
DA:21,0
DA:23,0
DA:26,0
DA:32,0
FNF:1
FNH:0
LF:6
LH:0
BRF:0
BRH:0
end_of_record
TN:
SF:script/base/create-publisher.s.sol
FN:9,CreatePublisher.run
FNDA:0,CreatePublisher.run
DA:11,0
DA:13,0
DA:15,0
DA:17,0
DA:19,0
FNF:1
FNH:0
LF:5
LH:0
BRF:0
BRH:0
end_of_record
TN:
SF:script/base/deploy-ABSuperToken.s.sol
FN:11,DeployMockSuperToken.run
FNDA:0,DeployMockSuperToken.run
DA:12,0
DA:13,0
DA:15,0
DA:17,0
DA:19,0
DA:21,0
FNF:1
FNH:0
LF:6
LH:0
BRF:0
BRH:0
end_of_record
TN:
SF:script/base/deploy-platform.s.sol
FN:35,DeployPlatform.run
FNDA:0,DeployPlatform.run
DA:37,0
DA:38,0
DA:41,0
DA:44,0
DA:45,0
DA:46,0
DA:49,0
DA:59,0
DA:64,0
BRDA:64,0,0,-
BRDA:64,0,1,-
DA:65,0
DA:69,0
DA:74,0
BRDA:74,1,0,-
BRDA:74,1,1,-
DA:75,0
DA:79,0
DA:90,0
BRDA:90,2,0,-
BRDA:90,2,1,-
DA:91,0
DA:94,0
DA:99,0
DA:101,0
FN:104,DeployPlatform._writeAddressToFile
FNDA:0,DeployPlatform._writeAddressToFile
DA:105,0
FNF:2
FNH:0
LF:20
LH:0
BRF:6
BRH:0
end_of_record
TN:
SF:script/base/deploy-royalty.s.sol
FN:15,DeployRoyalty.run
FNDA:0,DeployRoyalty.run
DA:17,0
DA:20,0
DA:21,0
DA:23,0
DA:26,0
DA:32,0
FNF:1
FNH:0
LF:6
LH:0
BRF:0
BRH:0
end_of_record
TN:
SF:script/op/deploy-ABSuperToken.s.sol
FN:12,DeployMockSuperToken.run
FNDA:0,DeployMockSuperToken.run
DA:13,0
DA:14,0
DA:16,0
DA:18,0
FNF:1
FNH:0
LF:4
LH:0
BRF:0
BRH:0
end_of_record
TN:
SF:script/op/deploy-platform.s.sol
FN:33,DeployPlatform.run
FNDA:0,DeployPlatform.run
DA:35,0
DA:36,0
DA:39,0
DA:42,0
DA:43,0
DA:44,0
DA:47,0
DA:57,0
DA:62,0
BRDA:62,0,0,-
BRDA:62,0,1,-
DA:63,0
DA:67,0
DA:72,0
BRDA:72,1,0,-
BRDA:72,1,1,-
DA:73,0
DA:77,0
DA:89,0
BRDA:89,2,0,-
BRDA:89,2,1,-
DA:90,0
DA:93,0
DA:98,0
DA:100,0
FN:103,DeployPlatform._writeAddressToFile
FNDA:0,DeployPlatform._writeAddressToFile
DA:104,0
FNF:2
FNH:0
LF:20
LH:0
BRF:6
BRH:0
end_of_record
TN:
SF:script/op/deploy-royalty.s.sol
FN:12,DeployRoyalty.run
FNDA:0,DeployRoyalty.run
DA:14,0
DA:15,0
DA:16,0
DA:18,0
DA:21,0
DA:27,0
FNF:1
FNH:0
LF:6
LH:0
BRF:0
BRH:0
end_of_record
TN:
SF:src/factory/AnotherCloneFactory.sol
FN:112,AnotherCloneFactory.initialize
FNDA:2,AnotherCloneFactory.initialize
DA:119,1
DA:120,1
DA:121,1
DA:122,1
DA:123,1
DA:126,1
DA:127,1
FN:144,AnotherCloneFactory.createCollection721
FNDA:768,AnotherCloneFactory.createCollection721
DA:146,512
DA:149,512
DA:152,512
FN:162,AnotherCloneFactory.createCollection1155
FNDA:768,AnotherCloneFactory.createCollection1155
DA:164,512
DA:167,512
DA:170,512
FN:190,AnotherCloneFactory.createCollection721FromImplementation
FNDA:768,AnotherCloneFactory.createCollection721FromImplementation
DA:196,512
BRDA:196,0,0,256
BRDA:196,0,1,256
DA:199,256
DA:202,256
DA:205,256
FN:217,AnotherCloneFactory.createPublisherProfile
FNDA:1023,AnotherCloneFactory.createPublisherProfile
DA:222,768
BRDA:222,1,0,256
BRDA:222,1,1,512
DA:225,512
BRDA:225,2,0,256
BRDA:225,2,1,256
DA:228,256
DA:231,256
FN:242,AnotherCloneFactory.createPublisherProfile
FNDA:3328,AnotherCloneFactory.createPublisherProfile
DA:244,3072
BRDA:244,3,0,256
BRDA:244,3,1,2816
DA:247,2816
BRDA:247,4,0,256
BRDA:247,4,1,2560
DA:250,2560
DA:253,2560
DA:256,2560
DA:259,2560
FN:269,AnotherCloneFactory.revokePublisherAccess
FNDA:512,AnotherCloneFactory.revokePublisherAccess
DA:271,256
FN:281,AnotherCloneFactory.setERC721Implementation
FNDA:257,AnotherCloneFactory.setERC721Implementation
DA:282,1
FN:292,AnotherCloneFactory.setERC1155Implementation
FNDA:257,AnotherCloneFactory.setERC1155Implementation
DA:293,1
FN:303,AnotherCloneFactory.setABRoyaltyImplementation
FNDA:257,AnotherCloneFactory.setABRoyaltyImplementation
DA:304,1
FN:321,AnotherCloneFactory.predictERC721Address
FNDA:256,AnotherCloneFactory.predictERC721Address
DA:322,256
FN:333,AnotherCloneFactory.predictERC1155Address
FNDA:256,AnotherCloneFactory.predictERC1155Address
DA:334,256
FN:345,AnotherCloneFactory.hasPublisherRole
FNDA:512,AnotherCloneFactory.hasPublisherRole
DA:346,512
FN:354,AnotherCloneFactory._setupCollection
FNDA:1280,AnotherCloneFactory._setupCollection
DA:356,1280
DA:359,1280
DA:362,1280
FNF:14
FNH:14
LF:37
LH:37
BRF:10
BRH:10
end_of_record
TN:
SF:src/royalty/ABRoyalty.sol
FN:105,ABRoyalty.initialize
FNDA:2562,ABRoyalty.initialize
DA:107,2561
DA:108,2561
DA:109,2561
DA:110,2561
DA:113,2561
FN:129,ABRoyalty.claimPayout
FNDA:256,ABRoyalty.claimPayout
DA:131,256
FN:141,ABRoyalty.claimPayouts
FNDA:256,ABRoyalty.claimPayouts
DA:142,256
DA:143,256
DA:144,512
FN:164,ABRoyalty.distribute
FNDA:3072,ABRoyalty.distribute
DA:165,3072
BRDA:165,0,0,-
BRDA:165,0,1,2560
DA:166,3072
FN:176,ABRoyalty.claimPayoutsOnBehalf
FNDA:256,ABRoyalty.claimPayoutsOnBehalf
DA:178,256
FN:188,ABRoyalty.claimPayoutsOnBehalf
FNDA:256,ABRoyalty.claimPayoutsOnBehalf
DA:189,256
DA:190,256
DA:191,512
FN:203,ABRoyalty.claimPayoutsOnMultipleBehalf
FNDA:256,ABRoyalty.claimPayoutsOnMultipleBehalf
DA:208,256
DA:210,512
FN:222,ABRoyalty.claimPayoutsOnMultipleBehalf
FNDA:256,ABRoyalty.claimPayoutsOnMultipleBehalf
DA:226,256
DA:227,256
DA:230,256
DA:232,512
DA:234,1024
FN:255,ABRoyalty.initPayoutIndex
FNDA:8007,ABRoyalty.initPayoutIndex
DA:259,7751
DA:260,7751
BRDA:260,1,0,-
BRDA:260,1,1,7751
DA:261,0
DA:263,7751
DA:264,7751
FN:277,ABRoyalty.updatePayout1155
FNDA:1845,ABRoyalty.updatePayout1155
DA:283,1589
DA:284,1589
BRDA:284,2,0,256
BRDA:284,2,1,1333
DA:286,1333
DA:288,2617
DA:291,2617
FN:305,ABRoyalty.updatePayout721
FNDA:8215,ABRoyalty.updatePayout721
DA:310,7959
DA:313,7959
FN:324,ABRoyalty.distributeOnBehalf
FNDA:256,ABRoyalty.distributeOnBehalf
DA:325,256
FN:343,ABRoyalty.getUserSubscription
FNDA:5632,ABRoyalty.getUserSubscription
DA:345,5632
FN:357,ABRoyalty.getClaimableAmount
FNDA:256,ABRoyalty.getClaimableAmount
DA:359,256
FN:372,ABRoyalty.getIndexInfo
FNDA:256,ABRoyalty.getIndexInfo
DA:377,256
FN:395,ABRoyalty._gainShare
FNDA:10576,ABRoyalty._gainShare
DA:397,10576
BRDA:397,3,0,9808
BRDA:397,3,1,10576
DA:400,9808
DA:401,9808
DA:404,9808
FN:417,ABRoyalty._loseShare
FNDA:10576,ABRoyalty._loseShare
DA:419,10576
BRDA:419,4,0,1792
BRDA:419,4,1,10576
DA:422,1792
DA:423,1792
DA:426,1792
BRDA:426,5,0,1536
BRDA:426,5,1,256
DA:428,1536
DA:431,256
FN:444,ABRoyalty._distribute
FNDA:3328,ABRoyalty._distribute
DA:446,3328
DA:447,3328
DA:450,3328
DA:453,3072
FN:463,ABRoyalty._claimPayout
FNDA:3072,ABRoyalty._claimPayout
DA:465,3072
FNF:19
FNH:19
LF:53
LH:52
BRF:12
BRH:10
end_of_record
TN:
SF:src/token/ERC1155/ERC1155AB.sol
FN:103,ERC1155AB.initialize
FNDA:514,ERC1155AB.initialize
DA:105,513
DA:108,513
DA:109,513
DA:110,513
DA:113,513
DA:116,513
DA:119,513
DA:122,513
FN:138,ERC1155AB.mint
FNDA:13,ERC1155AB.mint
DA:140,13
DA:143,13
BRDA:143,0,0,1
BRDA:143,0,1,12
DA:146,12
DA:149,12
BRDA:149,1,0,1
BRDA:149,1,1,10
DA:152,10
BRDA:152,2,0,2
BRDA:152,2,1,8
DA:153,2
DA:157,8
BRDA:157,3,0,1
BRDA:157,3,1,6
DA:160,7
BRDA:159,4,0,1
BRDA:159,4,1,6
DA:164,1
DA:169,7
BRDA:169,5,0,1
BRDA:169,5,1,6
DA:170,1
DA:174,6
BRDA:174,6,0,2
BRDA:174,6,1,4
DA:175,2
DA:179,4
DA:182,4
DA:185,4
FN:195,ERC1155AB.mintBatch
FNDA:8,ERC1155AB.mintBatch
DA:196,8
DA:198,8
DA:199,8
DA:201,8
DA:203,8
DA:205,8
DA:207,14
DA:210,14
BRDA:210,7,0,1
BRDA:210,7,1,13
DA:213,13
DA:216,13
BRDA:216,8,0,1
BRDA:216,8,1,12
DA:219,12
BRDA:219,9,0,1
BRDA:219,9,1,11
DA:220,1
DA:224,11
BRDA:224,10,0,1
BRDA:224,10,1,10
DA:227,11
BRDA:226,11,0,1
BRDA:226,11,1,10
DA:231,1
DA:236,10
BRDA:235,12,0,1
BRDA:235,12,1,9
DA:239,1
DA:243,9
DA:246,9
DA:249,9
DA:252,9
DA:253,9
DA:257,3
BRDA:257,13,0,1
BRDA:257,13,1,2
DA:258,1
DA:260,2
FN:277,ERC1155AB.initDrop
FNDA:22,ERC1155AB.initDrop
DA:278,21
FN:288,ERC1155AB.initDrop
FNDA:11,ERC1155AB.initDrop
DA:289,10
DA:291,10
DA:292,30
FN:304,ERC1155AB.setDropPhases
FNDA:31,ERC1155AB.setDropPhases
DA:309,30
DA:311,30
DA:313,30
DA:314,30
DA:315,33
DA:318,33
BRDA:318,14,0,1
BRDA:318,14,1,32
DA:319,1
DA:323,32
DA:324,32
DA:328,29
DA:330,29
FN:339,ERC1155AB.withdrawToRightholder
FNDA:1280,ERC1155AB.withdrawToRightholder
DA:340,1024
DA:342,1024
BRDA:342,15,0,256
BRDA:342,15,1,768
DA:344,768
DA:345,768
DA:346,768
DA:348,768
BRDA:348,16,0,-
BRDA:348,16,1,512
DA:349,512
DA:350,512
BRDA:350,17,0,-
BRDA:350,17,1,512
DA:353,768
BRDA:353,18,0,-
BRDA:353,18,1,512
DA:354,512
DA:355,512
BRDA:355,19,0,-
BRDA:355,19,1,512
FN:367,ERC1155AB.withdrawERC20
FNDA:257,ERC1155AB.withdrawERC20
DA:369,1
FN:381,ERC1155AB.setTokenURI
FNDA:2,ERC1155AB.setTokenURI
DA:382,1
FN:393,ERC1155AB.setMaxSupply
FNDA:2,ERC1155AB.setMaxSupply
DA:394,2
BRDA:394,20,0,1
BRDA:394,20,1,1
DA:395,1
FN:412,ERC1155AB.uri
FNDA:2,ERC1155AB.uri
DA:413,2
FN:425,ERC1155AB.getPhaseInfo
FNDA:4,ERC1155AB.getPhaseInfo
DA:426,4
FN:429,ERC1155AB.supportsInterface
FNDA:1,ERC1155AB.supportsInterface
DA:436,1
DA:437,1
FN:452,ERC1155AB._initDrop
FNDA:51,ERC1155AB._initDrop
DA:455,51
BRDA:454,21,0,2
BRDA:454,21,1,49
DA:457,2
DA:459,49
DA:462,49
DA:465,49
DA:468,49
DA:471,49
DA:474,49
DA:477,49
BRDA:477,22,0,1
BRDA:477,22,1,47
DA:479,48
BRDA:479,23,0,1
BRDA:479,23,1,47
DA:482,47
DA:485,47
DA:489,48
FN:500,ERC1155AB._isPhaseActive
FNDA:25,ERC1155AB._isPhaseActive
DA:502,25
BRDA:502,24,0,1
BRDA:502,24,1,24
DA:505,24
FN:508,ERC1155AB._beforeTokenTransfer
FNDA:53,ERC1155AB._beforeTokenTransfer
DA:516,53
DA:517,53
DA:520,53
DA:521,57
BRDA:521,25,0,57
BRDA:521,25,1,57
DA:525,53
DA:526,53
DA:528,53
DA:531,53
DA:532,57
BRDA:532,26,0,-
BRDA:532,26,1,57
DA:533,57
DA:534,57
DA:535,57
DA:538,53
FNF:16
FNH:16
LF:111
LH:111
BRF:54
BRH:49
end_of_record
TN:
SF:src/token/ERC721/ERC721AB.sol
FN:116,ERC721AB.initialize
FNDA:770,ERC721AB.initialize
DA:122,769
DA:125,769
DA:126,769
DA:127,769
DA:129,769
DA:132,769
DA:135,769
DA:138,769
FN:156,ERC721AB.mint
FNDA:12,ERC721AB.mint
DA:158,12
BRDA:158,0,0,1
BRDA:158,0,1,10
DA:161,10
DA:164,10
BRDA:164,1,0,2
BRDA:164,1,1,8
DA:165,2
DA:169,8
BRDA:169,2,0,1
BRDA:169,2,1,6
DA:171,7
BRDA:171,3,0,1
BRDA:171,3,1,6
DA:172,1
DA:177,7
BRDA:177,4,0,1
BRDA:177,4,1,6
DA:180,6
BRDA:180,5,0,2
BRDA:180,5,1,4
DA:183,4
DA:186,4
FN:208,ERC721AB.initDrop
FNDA:539,ERC721AB.initDrop
DA:217,538
BRDA:217,6,0,1
BRDA:217,6,1,537
DA:221,537
BRDA:220,7,0,2
BRDA:220,7,1,535
DA:223,2
DA:226,535
DA:229,535
DA:232,535
DA:235,535
DA:238,535
BRDA:238,8,0,1
BRDA:238,8,1,532
DA:239,533
BRDA:239,9,0,1
BRDA:239,9,1,532
DA:240,532
FN:251,ERC721AB.setBaseURI
FNDA:2,ERC721AB.setBaseURI
DA:252,1
FN:262,ERC721AB.setSharePerToken
FNDA:512,ERC721AB.setSharePerToken
DA:263,256
FN:274,ERC721AB.setDropPhases
FNDA:16,ERC721AB.setDropPhases
DA:276,15
BRDA:276,10,0,2
BRDA:276,10,1,15
DA:277,2
DA:280,15
DA:282,15
DA:284,15
DA:285,22
DA:288,22
BRDA:288,11,0,1
BRDA:288,11,1,21
DA:289,1
DA:292,21
DA:293,21
DA:296,14
FN:305,ERC721AB.withdrawToRightholder
FNDA:1280,ERC721AB.withdrawToRightholder
DA:306,1024
DA:308,1024
BRDA:308,12,0,256
BRDA:308,12,1,768
DA:310,768
DA:311,768
DA:312,768
DA:314,768
BRDA:314,13,0,-
BRDA:314,13,1,512
DA:315,512
DA:316,512
BRDA:316,14,0,-
BRDA:316,14,1,512
DA:319,768
BRDA:319,15,0,-
BRDA:319,15,1,512
DA:320,512
DA:321,512
BRDA:321,16,0,-
BRDA:321,16,1,512
FN:333,ERC721AB.withdrawERC20
FNDA:257,ERC721AB.withdrawERC20
DA:335,1
FN:345,ERC721AB.setMaxSupply
FNDA:2,ERC721AB.setMaxSupply
DA:346,2
BRDA:346,17,0,1
BRDA:346,17,1,1
DA:347,1
FN:356,ERC721AB.supportsInterface
FNDA:1,ERC721AB.supportsInterface
DA:363,1
DA:364,1
FN:373,ERC721AB.symbol
FNDA:2,ERC721AB.symbol
DA:374,2
BRDA:374,18,0,1
BRDA:374,18,1,2
DA:375,1
FN:387,ERC721AB.tokenURI
FNDA:8,ERC721AB.tokenURI
DA:388,8
BRDA:388,19,0,1
BRDA:388,19,1,7
DA:390,7
DA:392,7
BRDA:392,20,0,1
BRDA:392,20,1,6
DA:393,1
DA:395,6
DA:397,6
DA:398,6
DA:400,6
BRDA:400,21,0,5
BRDA:400,21,1,1
DA:401,5
DA:403,1
FN:422,ERC721AB._isPhaseActive
FNDA:12,ERC721AB._isPhaseActive
DA:424,12
BRDA:424,22,0,1
BRDA:424,22,1,11
DA:425,11
DA:427,11
FN:436,ERC721AB._baseURI
FNDA:7,ERC721AB._baseURI
DA:437,7
FN:446,ERC721AB._startTokenId
FNDA:789,ERC721AB._startTokenId
DA:447,789
FN:450,ERC721AB._beforeTokenTransfers
FNDA:536,ERC721AB._beforeTokenTransfers
DA:454,536
BRDA:454,23,0,-
BRDA:454,23,1,535
DA:455,535
FNF:16
FNH:16
LF:77
LH:77
BRF:48
BRH:43
end_of_record
TN:
SF:src/utils/ABDataRegistry.sol
FN:104,ABDataRegistry.initialize
FNDA:2,ABDataRegistry.initialize
DA:106,1
DA:107,1
DA:109,1
DA:110,1
DA:112,1
FN:133,ABDataRegistry.registerDrop
FNDA:1864,ABDataRegistry.registerDrop
DA:139,1608
DA:142,1608
DA:145,1608
DA:147,1608
BRDA:147,0,0,-
BRDA:147,0,1,1351
DA:149,1351
FN:164,ABDataRegistry.on721TokenTransfer
FNDA:1047,ABDataRegistry.on721TokenTransfer
DA:168,1047
DA:169,1047
FN:184,ABDataRegistry.on1155TokenTransfer
FNDA:53,ABDataRegistry.on1155TokenTransfer
DA:191,53
DA:192,53
FN:212,ABDataRegistry.registerPublisher
FNDA:6656,ABDataRegistry.registerPublisher
DA:216,6400
BRDA:216,1,0,256
BRDA:216,1,1,6144
DA:219,6144
DA:222,6144
DA:225,6144
FN:236,ABDataRegistry.grantCollectionRole
FNDA:1792,ABDataRegistry.grantCollectionRole
DA:238,1536
FN:257,ABDataRegistry.distributeOnBehalf
FNDA:768,ABDataRegistry.distributeOnBehalf
DA:261,512
DA:262,512
BRDA:262,2,0,256
BRDA:262,2,1,256
DA:263,256
FN:273,ABDataRegistry.setTreasury
FNDA:1024,ABDataRegistry.setTreasury
DA:274,768
FN:285,ABDataRegistry.setPublisherFee
FNDA:1280,ABDataRegistry.setPublisherFee
DA:286,1280
FN:297,ABDataRegistry.updatePublisher
FNDA:768,ABDataRegistry.updatePublisher
DA:298,512
BRDA:298,3,0,256
BRDA:298,3,1,256
DA:299,256
FN:316,ABDataRegistry.isPublisher
FNDA:1024,ABDataRegistry.isPublisher
DA:317,1024
FN:328,ABDataRegistry.getRoyaltyContract
FNDA:512,ABDataRegistry.getRoyaltyContract
DA:329,512
FN:340,ABDataRegistry.getPublisherFee
FNDA:512,ABDataRegistry.getPublisherFee
DA:341,512
FN:353,ABDataRegistry.getPayoutDetails
FNDA:2304,ABDataRegistry.getPayoutDetails
DA:354,2304
DA:355,2304
FN:370,ABDataRegistry._getNextDropId
FNDA:1608,ABDataRegistry._getNextDropId
DA:371,1608
FNF:15
FNH:15
LF:32
LH:32
BRF:8
BRH:7
end_of_record
TN:
SF:src/utils/ABVerifier.sol
FN:91,ABVerifier.initialize
FNDA:3,ABVerifier.initialize
DA:92,2
BRDA:92,0,0,1
BRDA:92,0,1,1
DA:93,1
DA:96,1
DA:97,1
FN:117,ABVerifier.verifySignature721
FNDA:521,ABVerifier.verifySignature721
DA:122,521
DA:124,521
DA:129,521
FN:144,ABVerifier.verifySignature1155
FNDA:788,ABVerifier.verifySignature1155
DA:151,788
DA:153,788
DA:158,788
FN:174,ABVerifier.setDefaultSigner
FNDA:2,ABVerifier.setDefaultSigner
DA:175,1
FN:185,ABVerifier.setCollectionSigner
FNDA:4,ABVerifier.setCollectionSigner
DA:186,3
FN:203,ABVerifier.getSigner
FNDA:4,ABVerifier.getSigner
DA:204,4
FN:221,ABVerifier._getSigner
FNDA:1313,ABVerifier._getSigner
DA:222,1313
DA:223,1313
DA:224,1313
BRDA:224,1,0,2
BRDA:224,1,1,1313
DA:225,2
FNF:7
FNH:7
LF:17
LH:17
BRF:4
BRH:4
end_of_record
TN:
SF:test/_mocks/ABSuperToken.sol
FN:30,ABSuperToken.mint
FNDA:512,ABSuperToken.mint
DA:31,512
FN:42,ABSuperToken.burn
FNDA:0,ABSuperToken.burn
DA:43,0
FNF:2
FNH:1
LF:2
LH:1
BRF:0
BRH:0
end_of_record
TN:
SF:test/_mocks/MockNFT.sol
FN:14,MockNFT.mint
FNDA:0,MockNFT.mint
DA:15,0
DA:16,0
DA:17,0
FNF:1
FNH:0
LF:3
LH:0
BRF:0
BRH:0
end_of_record
TN:
SF:test/_mocks/MockNFT1155.sol
FN:10,MockNFT1155.mint
FNDA:0,MockNFT1155.mint
DA:11,0
FN:14,MockNFT1155.mintBatch
FNDA:0,MockNFT1155.mintBatch
DA:15,0
FNF:2
FNH:0
LF:2
LH:0
BRF:0
BRH:0
end_of_record
TN:
SF:test/_mocks/MockToken.sol
FN:12,MockToken.mint
FNDA:0,MockToken.mint
DA:13,0
FNF:1
FNH:0
LF:1
LH:0
BRF:0
BRH:0
end_of_record
