TN:
SF:script/base/create-publisher.s.sol
FN:16,CreatePublisher.run
FNDA:0,CreatePublisher.run
DA:18,0
DA:20,0
DA:22,0
DA:24,0
DA:26,0
FNF:1
FNH:0
LF:5
LH:0
BRF:0
BRH:0
end_of_record
TN:
SF:script/base/deploy-ABSuperToken.s.sol
FN:11,DeployMockSuperToken.run
FNDA:0,DeployMockSuperToken.run
DA:12,0
DA:13,0
DA:15,0
DA:17,0
DA:19,0
DA:21,0
FNF:1
FNH:0
LF:6
LH:0
BRF:0
BRH:0
end_of_record
TN:
SF:script/base/deploy-platform.s.sol
FN:18,DeployPlatform.run
FNDA:0,DeployPlatform.run
DA:20,0
DA:21,0
DA:22,0
DA:24,0
DA:27,0
DA:28,0
DA:29,0
DA:30,0
DA:31,0
DA:32,0
DA:33,0
DA:36,0
DA:47,0
DA:50,0
DA:52,0
FNF:1
FNH:0
LF:15
LH:0
BRF:0
BRH:0
end_of_record
TN:
SF:script/op/deploy-ABSuperToken.s.sol
FN:12,DeployMockSuperToken.run
FNDA:0,DeployMockSuperToken.run
DA:13,0
DA:14,0
DA:16,0
DA:18,0
FNF:1
FNH:0
LF:4
LH:0
BRF:0
BRH:0
end_of_record
TN:
SF:script/op/deploy-platform.s.sol
FN:18,DeployPlatform.run
FNDA:0,DeployPlatform.run
DA:20,0
DA:21,0
DA:22,0
DA:24,0
DA:27,0
DA:28,0
DA:29,0
DA:30,0
DA:31,0
DA:32,0
DA:33,0
DA:36,0
DA:47,0
DA:50,0
DA:52,0
FNF:1
FNH:0
LF:15
LH:0
BRF:0
BRH:0
end_of_record
TN:
SF:src/factory/AnotherCloneFactory.sol
FN:153,AnotherCloneFactory.createCollection721
FNDA:768,AnotherCloneFactory.createCollection721
DA:155,512
DA:158,512
DA:161,512
FN:173,AnotherCloneFactory.createCollection721FromImplementation
FNDA:0,AnotherCloneFactory.createCollection721FromImplementation
DA:178,0
DA:181,0
DA:184,0
FN:197,AnotherCloneFactory.createWrappedCollection721
FNDA:768,AnotherCloneFactory.createWrappedCollection721
DA:204,512
DA:207,512
DA:210,512
FN:220,AnotherCloneFactory.createCollection1155
FNDA:768,AnotherCloneFactory.createCollection1155
DA:222,512
DA:225,512
DA:228,512
FN:239,AnotherCloneFactory.createWrappedCollection1155
FNDA:768,AnotherCloneFactory.createWrappedCollection1155
DA:244,512
DA:247,512
DA:250,512
FN:269,AnotherCloneFactory.createPublisherProfile
FNDA:768,AnotherCloneFactory.createPublisherProfile
DA:274,512
BRDA:274,0,0,-
BRDA:274,0,1,512
DA:277,512
BRDA:277,1,0,256
BRDA:277,1,1,256
DA:280,256
DA:283,256
FN:294,AnotherCloneFactory.createPublisherProfile
FNDA:3584,AnotherCloneFactory.createPublisherProfile
DA:296,3328
BRDA:296,2,0,-
BRDA:296,2,1,3328
DA:299,3328
BRDA:299,3,0,256
BRDA:299,3,1,3072
DA:302,3072
DA:305,3072
DA:308,3072
DA:311,3072
FN:321,AnotherCloneFactory.revokePublisherAccess
FNDA:512,AnotherCloneFactory.revokePublisherAccess
DA:323,256
FN:333,AnotherCloneFactory.setERC721Implementation
FNDA:257,AnotherCloneFactory.setERC721Implementation
DA:334,1
FN:344,AnotherCloneFactory.setERC721WrapperImplementation
FNDA:257,AnotherCloneFactory.setERC721WrapperImplementation
DA:345,1
FN:355,AnotherCloneFactory.setERC1155Implementation
FNDA:257,AnotherCloneFactory.setERC1155Implementation
DA:356,1
FN:366,AnotherCloneFactory.setERC1155WrapperImplementation
FNDA:257,AnotherCloneFactory.setERC1155WrapperImplementation
DA:367,1
FN:377,AnotherCloneFactory.setABRoyaltyImplementation
FNDA:257,AnotherCloneFactory.setABRoyaltyImplementation
DA:378,1
FN:395,AnotherCloneFactory.predictERC721Address
FNDA:256,AnotherCloneFactory.predictERC721Address
DA:396,256
FN:407,AnotherCloneFactory.predictWrappedERC721Address
FNDA:256,AnotherCloneFactory.predictWrappedERC721Address
DA:408,256
FN:419,AnotherCloneFactory.predictERC1155Address
FNDA:256,AnotherCloneFactory.predictERC1155Address
DA:420,256
FN:431,AnotherCloneFactory.predictWrappedERC1155Address
FNDA:256,AnotherCloneFactory.predictWrappedERC1155Address
DA:432,256
FN:443,AnotherCloneFactory.hasPublisherRole
FNDA:512,AnotherCloneFactory.hasPublisherRole
DA:444,512
FN:452,AnotherCloneFactory._setupCollection
FNDA:2048,AnotherCloneFactory._setupCollection
DA:454,2048
DA:457,2048
DA:460,2048
DA:463,2048
DA:466,2048
FNF:19
FNH:18
LF:41
LH:38
BRF:8
BRH:6
end_of_record
TN:
SF:src/royalty/ABRoyalty.sol
FN:102,ABRoyalty.initialize
FNDA:3072,ABRoyalty.initialize
DA:104,3072
DA:105,3072
DA:106,3072
DA:108,3072
DA:111,3072
DA:114,3072
FN:130,ABRoyalty.claimPayout
FNDA:0,ABRoyalty.claimPayout
DA:132,0
FN:142,ABRoyalty.claimPayouts
FNDA:0,ABRoyalty.claimPayouts
DA:143,0
DA:144,0
DA:145,0
FN:163,ABRoyalty.distribute
FNDA:0,ABRoyalty.distribute
DA:164,0
DA:167,0
DA:168,0
DA:171,0
DA:174,0
FN:184,ABRoyalty.claimPayoutsOnBehalf
FNDA:0,ABRoyalty.claimPayoutsOnBehalf
DA:186,0
FN:196,ABRoyalty.claimPayoutsOnBehalf
FNDA:0,ABRoyalty.claimPayoutsOnBehalf
DA:197,0
DA:198,0
DA:199,0
FN:210,ABRoyalty.claimPayoutsOnMultipleBehalf
FNDA:0,ABRoyalty.claimPayoutsOnMultipleBehalf
DA:215,0
DA:217,0
FN:229,ABRoyalty.claimPayoutsOnMultipleBehalf
FNDA:0,ABRoyalty.claimPayoutsOnMultipleBehalf
DA:233,0
DA:234,0
DA:237,0
DA:239,0
DA:241,0
FN:261,ABRoyalty.grantCollectionRole
FNDA:2560,ABRoyalty.grantCollectionRole
DA:263,2304
FN:279,ABRoyalty.initPayoutIndex
FNDA:3118,ABRoyalty.initPayoutIndex
DA:280,2862
DA:281,2862
DA:282,2862
FN:295,ABRoyalty.updatePayout1155
FNDA:1561,ABRoyalty.updatePayout1155
DA:301,1305
DA:303,2587
DA:306,2587
FN:319,ABRoyalty.updatePayout721
FNDA:1815,ABRoyalty.updatePayout721
DA:324,1559
DA:327,1559
FN:344,ABRoyalty.getUserSubscription
FNDA:4864,ABRoyalty.getUserSubscription
DA:346,4864
DA:347,4864
FN:358,ABRoyalty.getClaimableAmount
FNDA:0,ABRoyalty.getClaimableAmount
DA:360,0
DA:361,0
DA:362,0
FN:373,ABRoyalty.getIndexInfo
FNDA:0,ABRoyalty.getIndexInfo
DA:378,0
FN:395,ABRoyalty._gainShare
FNDA:4146,ABRoyalty._gainShare
DA:397,4146
BRDA:397,0,0,3378
BRDA:397,0,1,4146
DA:400,3378
DA:401,3378
DA:404,3378
FN:416,ABRoyalty._loseShare
FNDA:4146,ABRoyalty._loseShare
DA:418,4146
BRDA:418,1,0,1536
BRDA:418,1,1,4146
DA:421,1536
DA:422,1536
DA:425,1536
BRDA:425,2,0,1536
BRDA:425,2,1,-
DA:427,1536
DA:430,0
FN:442,ABRoyalty._claimPayout
FNDA:0,ABRoyalty._claimPayout
DA:444,0
FNF:18
FNH:8
LF:52
LH:26
BRF:6
BRH:5
end_of_record
TN:
SF:src/token/ERC1155/ERC1155AB.sol
FN:171,ERC1155AB.initialize
FNDA:513,ERC1155AB.initialize
DA:173,512
DA:176,512
DA:177,512
DA:178,512
DA:181,512
DA:184,512
DA:187,512
DA:190,512
FN:206,ERC1155AB.mint
FNDA:7,ERC1155AB.mint
DA:208,7
DA:211,7
BRDA:211,0,0,-
BRDA:211,0,1,7
DA:214,7
BRDA:214,1,0,-
BRDA:214,1,1,7
DA:217,7
DA:220,7
BRDA:220,2,0,2
BRDA:220,2,1,5
DA:221,2
DA:226,5
BRDA:225,3,0,-
BRDA:225,3,1,5
DA:230,0
DA:234,5
BRDA:234,4,0,-
BRDA:234,4,1,5
DA:235,0
DA:239,5
BRDA:239,5,0,2
BRDA:239,5,1,3
DA:240,2
DA:244,3
DA:247,3
DA:250,3
FN:260,ERC1155AB.mintBatch
FNDA:2,ERC1155AB.mintBatch
DA:261,2
DA:263,2
DA:264,2
DA:266,2
DA:268,2
DA:270,2
DA:272,6
DA:275,6
BRDA:275,6,0,-
BRDA:275,6,1,6
DA:278,6
BRDA:278,7,0,-
BRDA:278,7,1,6
DA:281,6
DA:284,6
BRDA:284,8,0,-
BRDA:284,8,1,6
DA:285,0
DA:290,6
BRDA:289,9,0,-
BRDA:289,9,1,6
DA:294,0
DA:299,6
BRDA:298,10,0,-
BRDA:298,10,1,6
DA:302,0
DA:306,6
DA:309,6
DA:312,6
DA:315,6
DA:316,6
DA:320,2
BRDA:320,11,0,1
BRDA:320,11,1,1
DA:321,1
DA:323,1
FN:344,ERC1155AB.initDrop
FNDA:14,ERC1155AB.initDrop
DA:351,13
FN:365,ERC1155AB.initDrop
FNDA:9,ERC1155AB.initDrop
DA:372,8
DA:375,8
BRDA:374,12,0,5
BRDA:374,12,1,3
DA:378,5
DA:381,3
DA:382,9
FN:394,ERC1155AB.setDropPhases
FNDA:14,ERC1155AB.setDropPhases
DA:396,13
DA:398,13
DA:400,13
DA:401,13
DA:402,16
DA:405,16
BRDA:405,13,0,1
BRDA:405,13,1,15
DA:406,1
DA:410,15
DA:411,15
DA:415,12
DA:417,12
FN:426,ERC1155AB.withdrawToRightholder
FNDA:0,ERC1155AB.withdrawToRightholder
DA:427,0
DA:429,0
BRDA:429,14,0,-
BRDA:429,14,1,-
DA:430,0
BRDA:430,15,0,-
BRDA:430,15,1,-
DA:432,0
DA:434,0
DA:436,0
DA:437,0
BRDA:437,16,0,-
BRDA:437,16,1,-
DA:439,0
DA:440,0
BRDA:440,17,0,-
BRDA:440,17,1,-
FN:451,ERC1155AB.setTokenURI
FNDA:2,ERC1155AB.setTokenURI
DA:452,1
FN:469,ERC1155AB.uri
FNDA:2,ERC1155AB.uri
DA:470,2
FN:482,ERC1155AB.getPhaseInfo
FNDA:4,ERC1155AB.getPhaseInfo
DA:483,4
FN:486,ERC1155AB.supportsInterface
FNDA:0,ERC1155AB.supportsInterface
DA:493,0
FN:513,ERC1155AB._initDrop
FNDA:22,ERC1155AB._initDrop
DA:520,22
DA:523,22
DA:526,22
DA:529,22
DA:532,22
DA:535,22
BRDA:535,18,0,-
BRDA:535,18,1,16
DA:536,16
DA:540,22
DA:543,22
BRDA:543,19,0,1
BRDA:543,19,1,20
DA:545,21
BRDA:545,20,0,1
BRDA:545,20,1,20
DA:548,20
DA:551,20
DA:555,21
FN:567,ERC1155AB._isPhaseActive
FNDA:13,ERC1155AB._isPhaseActive
DA:568,13
DA:571,13
BRDA:571,21,0,-
BRDA:571,21,1,13
DA:574,13
FN:577,ERC1155AB._beforeTokenTransfer
FNDA:24,ERC1155AB._beforeTokenTransfer
DA:585,24
DA:587,24
DA:590,24
DA:591,26
DA:595,24
FNF:14
FNH:12
LF:98
LH:83
BRF:44
BRH:25
end_of_record
TN:
SF:src/token/ERC1155/ERC1155ABWrapper.sol
FN:115,ERC1155ABWrapper.initialize
FNDA:513,ERC1155ABWrapper.initialize
DA:120,512
DA:123,512
DA:124,512
DA:125,512
DA:128,512
DA:131,512
DA:134,512
FN:150,ERC1155ABWrapper.wrap
FNDA:1,ERC1155ABWrapper.wrap
DA:152,1
DA:155,1
BRDA:155,0,0,-
BRDA:155,0,1,1
DA:157,0
DA:160,1
DA:162,1
FN:172,ERC1155ABWrapper.unwrap
FNDA:0,ERC1155ABWrapper.unwrap
DA:173,0
DA:174,0
DA:175,0
FN:178,ERC1155ABWrapper.onERC1155Received
FNDA:1,ERC1155ABWrapper.onERC1155Received
DA:179,1
FN:182,ERC1155ABWrapper.onERC1155BatchReceived
FNDA:0,ERC1155ABWrapper.onERC1155BatchReceived
DA:187,0
FN:206,ERC1155ABWrapper.initDrop
FNDA:3,ERC1155ABWrapper.initDrop
DA:210,2
FN:222,ERC1155ABWrapper.initDrop
FNDA:0,ERC1155ABWrapper.initDrop
DA:226,0
DA:228,0
BRDA:228,1,0,-
BRDA:228,1,1,-
DA:229,0
DA:232,0
DA:233,0
FN:245,ERC1155ABWrapper.setTokenURI
FNDA:0,ERC1155ABWrapper.setTokenURI
DA:246,0
FN:263,ERC1155ABWrapper.uri
FNDA:0,ERC1155ABWrapper.uri
DA:264,0
FN:267,ERC1155ABWrapper.supportsInterface
FNDA:0,ERC1155ABWrapper.supportsInterface
DA:274,0
FN:292,ERC1155ABWrapper._initDrop
FNDA:2,ERC1155ABWrapper._initDrop
DA:293,2
DA:296,2
DA:299,2
DA:302,2
DA:305,2
BRDA:305,2,0,-
BRDA:305,2,1,2
DA:306,2
DA:310,2
FN:313,ERC1155ABWrapper._beforeTokenTransfer
FNDA:1,ERC1155ABWrapper._beforeTokenTransfer
DA:321,1
DA:323,1
DA:326,1
DA:327,1
DA:331,1
BRDA:331,3,0,-
BRDA:331,3,1,-
DA:333,0
DA:334,1
BRDA:334,4,0,-
BRDA:334,4,1,-
DA:336,0
DA:338,1
FNF:12
FNH:6
LF:42
LH:27
BRF:10
BRH:2
end_of_record
TN:
SF:src/token/ERC721/ERC721AB.sol
FN:157,ERC721AB.initialize
FNDA:514,ERC721AB.initialize
DA:163,512
DA:166,512
DA:167,512
DA:168,512
DA:170,512
DA:173,512
DA:176,512
DA:179,512
FN:197,ERC721AB.mint
FNDA:16,ERC721AB.mint
DA:199,16
BRDA:199,0,0,-
BRDA:199,0,1,14
DA:202,14
DA:205,14
BRDA:205,1,0,4
BRDA:205,1,1,10
DA:206,4
DA:210,10
BRDA:210,2,0,-
BRDA:210,2,1,10
DA:211,0
DA:215,10
BRDA:215,3,0,-
BRDA:215,3,1,10
DA:218,10
BRDA:218,4,0,4
BRDA:218,4,1,6
DA:221,6
DA:224,6
FN:245,ERC721AB.initDrop
FNDA:11,ERC721AB.initDrop
DA:253,10
BRDA:253,5,0,-
BRDA:253,5,1,10
DA:256,10
DA:258,10
DA:261,10
DA:264,10
DA:267,10
DA:270,10
BRDA:270,6,0,1
BRDA:270,6,1,8
DA:271,9
BRDA:271,7,0,1
BRDA:271,7,1,8
DA:272,8
FN:283,ERC721AB.setBaseURI
FNDA:4,ERC721AB.setBaseURI
DA:284,2
FN:294,ERC721AB.setDropPhases
FNDA:16,ERC721AB.setDropPhases
DA:296,14
BRDA:296,8,0,-
BRDA:296,8,1,14
DA:297,0
DA:300,14
DA:302,14
DA:304,14
DA:305,20
DA:308,20
BRDA:308,9,0,2
BRDA:308,9,1,18
DA:309,2
DA:312,18
DA:313,18
DA:316,12
FN:325,ERC721AB.withdrawToRightholder
FNDA:0,ERC721AB.withdrawToRightholder
DA:326,0
DA:328,0
BRDA:328,10,0,-
BRDA:328,10,1,-
DA:329,0
BRDA:329,11,0,-
BRDA:329,11,1,-
DA:331,0
DA:333,0
DA:335,0
DA:336,0
BRDA:336,12,0,-
BRDA:336,12,1,-
DA:338,0
DA:339,0
BRDA:339,13,0,-
BRDA:339,13,1,-
FN:342,ERC721AB.supportsInterface
FNDA:0,ERC721AB.supportsInterface
DA:349,0
FN:353,ERC721AB.symbol
FNDA:0,ERC721AB.symbol
DA:354,0
BRDA:354,14,0,-
BRDA:354,14,1,-
DA:355,0
FN:373,ERC721AB._isPhaseActive
FNDA:16,ERC721AB._isPhaseActive
DA:375,16
BRDA:375,15,0,2
BRDA:375,15,1,14
DA:376,14
DA:378,14
FN:387,ERC721AB._baseURI
FNDA:6,ERC721AB._baseURI
DA:388,6
FN:397,ERC721AB._startTokenId
FNDA:532,ERC721AB._startTokenId
DA:398,532
FN:401,ERC721AB._beforeTokenTransfers
FNDA:22,ERC721AB._beforeTokenTransfers
DA:405,22
FNF:12
FNH:9
LF:57
LH:43
BRF:32
BRH:17
end_of_record
TN:
SF:src/token/ERC721/ERC721ABBase.sol
FN:67,ERC721ABBase.mint
FNDA:0,ERC721ABBase.mint
DA:69,0
BRDA:69,0,0,-
BRDA:69,0,1,-
DA:72,0
DA:75,0
BRDA:75,1,0,-
BRDA:75,1,1,-
DA:76,0
DA:80,0
BRDA:80,2,0,-
BRDA:80,2,1,-
DA:83,0
BRDA:83,3,0,-
BRDA:83,3,1,-
DA:86,0
DA:89,0
BRDA:89,4,0,-
BRDA:89,4,1,-
DA:90,0
DA:94,0
FN:115,ERC721ABBase.initDrop
FNDA:11,ERC721ABBase.initDrop
DA:123,10
BRDA:123,5,0,-
BRDA:123,5,1,10
DA:126,10
DA:128,10
DA:131,10
DA:134,10
DA:137,10
DA:140,10
BRDA:140,6,0,1
BRDA:140,6,1,8
DA:141,9
BRDA:141,7,0,1
BRDA:141,7,1,8
DA:142,8
DA:143,8
FN:159,ERC721ABBase.unmintedSupply
FNDA:0,ERC721ABBase.unmintedSupply
DA:160,0
FN:169,ERC721ABBase.uniqueMinters
FNDA:0,ERC721ABBase.uniqueMinters
DA:170,0
FN:181,ERC721ABBase.canMint
FNDA:0,ERC721ABBase.canMint
DA:183,0
DA:185,0
FN:196,ERC721ABBase.numberMinted
FNDA:0,ERC721ABBase.numberMinted
DA:197,0
FNF:6
FNH:1
LF:25
LH:10
BRF:16
BRH:5
end_of_record
TN:
SF:src/token/ERC721/ERC721ABWrapper.sol
FN:112,ERC721ABWrapper.initialize
FNDA:513,ERC721ABWrapper.initialize
DA:120,512
DA:123,512
DA:124,512
DA:125,512
DA:127,512
DA:130,512
DA:133,512
DA:136,512
FN:151,ERC721ABWrapper.wrap
FNDA:1,ERC721ABWrapper.wrap
DA:153,1
DA:156,1
BRDA:156,0,0,-
BRDA:156,0,1,1
DA:158,0
DA:160,1
DA:163,1
DA:165,1
FN:174,ERC721ABWrapper.unwrap
FNDA:0,ERC721ABWrapper.unwrap
DA:175,0
DA:176,0
DA:177,0
FN:180,ERC721ABWrapper.supportsInterface
FNDA:0,ERC721ABWrapper.supportsInterface
DA:187,0
FN:206,ERC721ABWrapper.initDrop
FNDA:3,ERC721ABWrapper.initDrop
DA:208,2
BRDA:208,1,0,-
BRDA:208,1,1,2
DA:211,2
DA:213,2
DA:216,2
DA:219,2
FN:229,ERC721ABWrapper.setBaseURI
FNDA:0,ERC721ABWrapper.setBaseURI
DA:230,0
FN:245,ERC721ABWrapper._baseURI
FNDA:0,ERC721ABWrapper._baseURI
DA:246,0
FN:249,ERC721ABWrapper._alreadyExists
FNDA:1,ERC721ABWrapper._alreadyExists
DA:250,1
FN:253,ERC721ABWrapper._beforeTokenTransfer
FNDA:1,ERC721ABWrapper._beforeTokenTransfer
DA:254,1
BRDA:254,2,0,-
BRDA:254,2,1,-
DA:256,0
DA:257,1
BRDA:257,3,0,-
BRDA:257,3,1,-
DA:259,0
DA:261,1
FNF:9
FNH:5
LF:31
LH:22
BRF:8
BRH:2
end_of_record
TN:
SF:src/utils/ABDataRegistry.sol
FN:129,ABDataRegistry.registerDrop
FNDA:558,ABDataRegistry.registerDrop
DA:135,302
DA:138,302
DA:141,302
FN:153,ABDataRegistry.registerPublisher
FNDA:4352,ABDataRegistry.registerPublisher
DA:157,4096
BRDA:157,0,0,-
BRDA:157,0,1,4096
DA:160,4096
DA:163,4096
DA:166,4096
FN:177,ABDataRegistry.grantCollectionRole
FNDA:2560,ABDataRegistry.grantCollectionRole
DA:179,2304
FN:188,ABDataRegistry.setTreasury
FNDA:0,ABDataRegistry.setTreasury
DA:189,0
FN:206,ABDataRegistry.isPublisher
FNDA:512,ABDataRegistry.isPublisher
DA:207,512
FN:218,ABDataRegistry.getRoyaltyContract
FNDA:2600,ABDataRegistry.getRoyaltyContract
DA:219,2600
FN:230,ABDataRegistry.getPublisherFee
FNDA:0,ABDataRegistry.getPublisherFee
DA:231,0
FN:243,ABDataRegistry.getPayoutDetails
FNDA:0,ABDataRegistry.getPayoutDetails
DA:244,0
DA:245,0
FN:260,ABDataRegistry._getNextDropId
FNDA:302,ABDataRegistry._getNextDropId
DA:261,302
FNF:9
FNH:6
LF:15
LH:11
BRF:2
BRH:1
end_of_record
TN:
SF:src/utils/ABHolderRegistry.sol
FN:82,ABHolderRegistry.initialize
FNDA:0,ABHolderRegistry.initialize
DA:84,0
DA:85,0
DA:86,0
DA:88,0
DA:91,0
DA:94,0
FN:110,ABHolderRegistry.initPayoutIndex
FNDA:512,ABHolderRegistry.initPayoutIndex
DA:111,256
FN:124,ABHolderRegistry.updatePayout721
FNDA:1792,ABHolderRegistry.updatePayout721
DA:129,1536
DA:132,1536
FN:145,ABHolderRegistry.updatePayout1155
FNDA:1536,ABHolderRegistry.updatePayout1155
DA:151,1280
DA:153,2560
DA:156,2560
FN:168,ABHolderRegistry.grantCollectionRole
FNDA:512,ABHolderRegistry.grantCollectionRole
DA:170,256
FN:188,ABHolderRegistry.getUserSubscription
FNDA:256,ABHolderRegistry.getUserSubscription
DA:189,256
FN:204,ABHolderRegistry._gainShare
FNDA:4096,ABHolderRegistry._gainShare
DA:206,4096
BRDA:206,0,0,3328
BRDA:206,0,1,4096
DA:209,3328
FN:219,ABHolderRegistry._loseShare
FNDA:4096,ABHolderRegistry._loseShare
DA:221,4096
BRDA:221,1,0,1536
BRDA:221,1,1,4096
DA:224,1536
FNF:8
FNH:7
LF:18
LH:12
BRF:4
BRH:4
end_of_record
TN:
SF:src/utils/ABVerifier.sol
FN:101,ABVerifier.verifySignature721
FNDA:524,ABVerifier.verifySignature721
DA:106,524
DA:108,524
DA:113,524
FN:128,ABVerifier.verifySignature1155
FNDA:781,ABVerifier.verifySignature1155
DA:135,781
DA:137,781
DA:142,781
FN:158,ABVerifier.setDefaultSigner
FNDA:2,ABVerifier.setDefaultSigner
DA:159,1
FN:169,ABVerifier.setCollectionSigner
FNDA:4,ABVerifier.setCollectionSigner
DA:170,3
FN:187,ABVerifier.getSigner
FNDA:4,ABVerifier.getSigner
DA:188,4
FN:204,ABVerifier._getSigner
FNDA:1309,ABVerifier._getSigner
DA:205,1309
DA:206,1309
DA:207,1309
BRDA:207,0,0,2
BRDA:207,0,1,1309
DA:208,2
FNF:6
FNH:6
LF:13
LH:13
BRF:2
BRH:2
end_of_record
TN:
SF:test/_mocks/ABSuperToken.sol
FN:33,ABSuperToken.mint
FNDA:0,ABSuperToken.mint
DA:34,0
FN:45,ABSuperToken.burn
FNDA:0,ABSuperToken.burn
DA:46,0
FNF:2
FNH:0
LF:2
LH:0
BRF:0
BRH:0
end_of_record
TN:
SF:test/_mocks/MockNFT.sol
FN:14,MockNFT.mint
FNDA:0,MockNFT.mint
DA:15,0
DA:16,0
DA:17,0
FNF:1
FNH:0
LF:3
LH:0
BRF:0
BRH:0
end_of_record
TN:
SF:test/_mocks/MockNFT1155.sol
FN:10,MockNFT1155.mint
FNDA:0,MockNFT1155.mint
DA:11,0
FN:14,MockNFT1155.mintBatch
FNDA:0,MockNFT1155.mintBatch
DA:15,0
FNF:2
FNH:0
LF:2
LH:0
BRF:0
BRH:0
end_of_record
